macrobenchmark/build/intermediates/manifest_merge_blame_file/debug/processDebugManifest/manifest-merger-blame-debug-report.txt
1<?xml version="1.0" encoding="utf-8"?>
2<manifest xmlns:android="http://schemas.android.com/apk/res/android"
3    package="com.indianservers.aiexplorer.macrobenchmark" >
4
5    <uses-sdk
5-->manifest\debug\tempFile1ProcessTestManifest7727243339836027703.xml:5:5-74
6        android:minSdkVersion="31"
6-->manifest\debug\tempFile1ProcessTestManifest7727243339836027703.xml:5:15-41
7        android:targetSdkVersion="36" />
7-->manifest\debug\tempFile1ProcessTestManifest7727243339836027703.xml:5:42-71
8
9    <instrumentation
9-->manifest\debug\tempFile1ProcessTestManifest7727243339836027703.xml:7:5-11:78
10        android:name="androidx.test.runner.AndroidJUnitRunner"
10-->manifest\debug\tempFile1ProcessTestManifest7727243339836027703.xml:7:22-76
11        android:functionalTest="false"
11-->manifest\debug\tempFile1ProcessTestManifest7727243339836027703.xml:10:22-52
12        android:handleProfiling="false"
12-->manifest\debug\tempFile1ProcessTestManifest7727243339836027703.xml:9:22-53
13        android:label="Tests for com.indianservers.aiexplorer"
13-->manifest\debug\tempFile1ProcessTestManifest7727243339836027703.xml:11:22-76
14        android:targetPackage="com.indianservers.aiexplorer" />
14-->manifest\debug\tempFile1ProcessTestManifest7727243339836027703.xml:8:22-74
15    <!--
16    This is needed to write benchmark report data to an external directory during instrumented
17    tests to allow the accompanying androidx.benchmark gradle plugin to pull the reports onto host
18     machine after the tests are done running.
19    -->
20    <uses-permission android:name="android.permission.WRITE_EXTERNAL_STORAGE" />
20-->[androidx.benchmark:benchmark-common:1.4.1] AndroidManifest.xml:27:5-81
20-->[androidx.benchmark:benchmark-common:1.4.1] AndroidManifest.xml:27:22-78
21    <uses-permission android:name="android.permission.READ_EXTERNAL_STORAGE" />
22    <uses-permission android:name="android.permission.QUERY_ALL_PACKAGES" />
22-->[androidx.benchmark:benchmark-macro:1.4.1] AndroidManifest.xml:23:5-25:53
22-->[androidx.benchmark:benchmark-macro:1.4.1] AndroidManifest.xml:24:9-61
23    <!--
24         Internet permission is required for perfetto trace shell processor http server but
25        it's used to reach localhost only
26    -->
27    <uses-permission android:name="android.permission.INTERNET" />
27-->[androidx.benchmark:benchmark-macro:1.4.1] AndroidManifest.xml:31:5-67
27-->[androidx.benchmark:benchmark-macro:1.4.1] AndroidManifest.xml:31:22-64
28    <uses-permission android:name="android.permission.REORDER_TASKS" />
28-->[androidx.test:core:1.7.0] AndroidManifest.xml:24:5-72
28-->[androidx.test:core:1.7.0] AndroidManifest.xml:24:22-69
29
30    <queries>
30-->[androidx.test:runner:1.5.2] AndroidManifest.xml:24:5-28:15
31        <package android:name="androidx.test.orchestrator" />
31-->[androidx.test:runner:1.5.2] AndroidManifest.xml:25:9-62
31-->[androidx.test:runner:1.5.2] AndroidManifest.xml:25:18-59
32        <package android:name="androidx.test.services" />
32-->[androidx.test:runner:1.5.2] AndroidManifest.xml:26:9-58
32-->[androidx.test:runner:1.5.2] AndroidManifest.xml:26:18-55
33        <package android:name="com.google.android.apps.common.testing.services" />
33-->[androidx.test:runner:1.5.2] AndroidManifest.xml:27:9-83
33-->[androidx.test:runner:1.5.2] AndroidManifest.xml:27:18-80
34    </queries>
35
36    <application
36-->INJECTED
37        android:debuggable="true"
38        android:extractNativeLibs="false"
38-->INJECTED
39        android:networkSecurityConfig="@xml/network_security_config" > <!-- Activity used to block background content while benchmarks are running -->
39-->[androidx.benchmark:benchmark-macro:1.4.1] AndroidManifest.xml:42:18-78
40        <activity
40-->[androidx.benchmark:benchmark-common:1.4.1] AndroidManifest.xml:32:9-36:20
41            android:name="androidx.benchmark.IsolationActivity"
41-->[androidx.benchmark:benchmark-common:1.4.1] AndroidManifest.xml:33:13-64
42            android:exported="true"
42-->[androidx.benchmark:benchmark-common:1.4.1] AndroidManifest.xml:34:13-36
43            android:theme="@android:style/Theme.Light.NoTitleBar.Fullscreen" >
43-->[androidx.benchmark:benchmark-common:1.4.1] AndroidManifest.xml:35:13-77
44        </activity>
45        <activity
45-->[androidx.test:core:1.7.0] AndroidManifest.xml:27:9-34:20
46            android:name="androidx.test.core.app.InstrumentationActivityInvoker$BootstrapActivity"
46-->[androidx.test:core:1.7.0] AndroidManifest.xml:28:13-99
47            android:exported="true"
47-->[androidx.test:core:1.7.0] AndroidManifest.xml:29:13-36
48            android:theme="@style/WhiteBackgroundTheme" >
48-->[androidx.test:core:1.7.0] AndroidManifest.xml:30:13-56
49            <intent-filter android:priority="-100" >
49-->[androidx.test:core:1.7.0] AndroidManifest.xml:31:13-33:29
49-->[androidx.test:core:1.7.0] AndroidManifest.xml:31:28-51
50                <category android:name="android.intent.category.LAUNCHER" />
50-->[androidx.test:core:1.7.0] AndroidManifest.xml:32:17-77
50-->[androidx.test:core:1.7.0] AndroidManifest.xml:32:27-74
51            </intent-filter>
52        </activity>
53        <activity
53-->[androidx.test:core:1.7.0] AndroidManifest.xml:35:9-42:20
54            android:name="androidx.test.core.app.InstrumentationActivityInvoker$EmptyActivity"
54-->[androidx.test:core:1.7.0] AndroidManifest.xml:36:13-95
55            android:exported="true"
55-->[androidx.test:core:1.7.0] AndroidManifest.xml:37:13-36
56            android:theme="@style/WhiteBackgroundTheme" >
56-->[androidx.test:core:1.7.0] AndroidManifest.xml:38:13-56
57            <intent-filter android:priority="-100" >
57-->[androidx.test:core:1.7.0] AndroidManifest.xml:31:13-33:29
57-->[androidx.test:core:1.7.0] AndroidManifest.xml:31:28-51
58                <category android:name="android.intent.category.LAUNCHER" />
58-->[androidx.test:core:1.7.0] AndroidManifest.xml:32:17-77
58-->[androidx.test:core:1.7.0] AndroidManifest.xml:32:27-74
59            </intent-filter>
60        </activity>
61        <activity
61-->[androidx.test:core:1.7.0] AndroidManifest.xml:43:9-50:20
62            android:name="androidx.test.core.app.InstrumentationActivityInvoker$EmptyFloatingActivity"
62-->[androidx.test:core:1.7.0] AndroidManifest.xml:44:13-103
63            android:exported="true"
63-->[androidx.test:core:1.7.0] AndroidManifest.xml:45:13-36
64            android:theme="@style/WhiteBackgroundDialogTheme" >
64-->[androidx.test:core:1.7.0] AndroidManifest.xml:46:13-62
65            <intent-filter android:priority="-100" >
65-->[androidx.test:core:1.7.0] AndroidManifest.xml:31:13-33:29
65-->[androidx.test:core:1.7.0] AndroidManifest.xml:31:28-51
66                <category android:name="android.intent.category.LAUNCHER" />
66-->[androidx.test:core:1.7.0] AndroidManifest.xml:32:17-77
66-->[androidx.test:core:1.7.0] AndroidManifest.xml:32:27-74
67            </intent-filter>
68        </activity>
69
70        <receiver
70-->[androidx.tracing:tracing-perfetto:1.0.0] AndroidManifest.xml:24:9-37:20
71            android:name="androidx.tracing.perfetto.TracingReceiver"
71-->[androidx.tracing:tracing-perfetto:1.0.0] AndroidManifest.xml:25:13-69
72            android:directBootAware="false"
72-->[androidx.tracing:tracing-perfetto:1.0.0] AndroidManifest.xml:26:13-44
73            android:enabled="true"
73-->[androidx.tracing:tracing-perfetto:1.0.0] AndroidManifest.xml:27:13-35
74            android:exported="true"
74-->[androidx.tracing:tracing-perfetto:1.0.0] AndroidManifest.xml:28:13-36
75            android:permission="android.permission.DUMP" >
75-->[androidx.tracing:tracing-perfetto:1.0.0] AndroidManifest.xml:29:13-57
76
77            <!-- Note: DUMP above highly limits who can call the receiver; Shell has DUMP perm. -->
78            <intent-filter>
78-->[androidx.tracing:tracing-perfetto:1.0.0] AndroidManifest.xml:32:13-36:29
79                <action android:name="androidx.tracing.perfetto.action.ENABLE_TRACING" />
79-->[androidx.tracing:tracing-perfetto:1.0.0] AndroidManifest.xml:33:17-90
79-->[androidx.tracing:tracing-perfetto:1.0.0] AndroidManifest.xml:33:25-87
80                <action android:name="androidx.tracing.perfetto.action.ENABLE_TRACING_COLD_START" />
80-->[androidx.tracing:tracing-perfetto:1.0.0] AndroidManifest.xml:34:17-101
80-->[androidx.tracing:tracing-perfetto:1.0.0] AndroidManifest.xml:34:25-98
81                <action android:name="androidx.tracing.perfetto.action.DISABLE_TRACING_COLD_START" />
81-->[androidx.tracing:tracing-perfetto:1.0.0] AndroidManifest.xml:35:17-102
81-->[androidx.tracing:tracing-perfetto:1.0.0] AndroidManifest.xml:35:25-99
82            </intent-filter>
83        </receiver>
84
85        <provider
85-->[androidx.tracing:tracing-perfetto:1.0.0] AndroidManifest.xml:39:9-47:20
86            android:name="androidx.startup.InitializationProvider"
86-->[androidx.tracing:tracing-perfetto:1.0.0] AndroidManifest.xml:40:13-67
87            android:authorities="com.indianservers.aiexplorer.macrobenchmark.androidx-startup"
87-->[androidx.tracing:tracing-perfetto:1.0.0] AndroidManifest.xml:41:13-68
88            android:exported="false" >
88-->[androidx.tracing:tracing-perfetto:1.0.0] AndroidManifest.xml:42:13-37
89            <meta-data
89-->[androidx.tracing:tracing-perfetto:1.0.0] AndroidManifest.xml:44:13-46:52
90                android:name="androidx.tracing.perfetto.StartupTracingInitializer"
90-->[androidx.tracing:tracing-perfetto:1.0.0] AndroidManifest.xml:45:17-83
91                android:value="androidx.startup" />
91-->[androidx.tracing:tracing-perfetto:1.0.0] AndroidManifest.xml:46:17-49
92        </provider>
93
94        <receiver
94-->[androidx.tracing:tracing-perfetto:1.0.0] AndroidManifest.xml:49:9-55:20
95            android:name="androidx.tracing.perfetto.StartupTracingConfigStoreIsEnabledGate"
95-->[androidx.tracing:tracing-perfetto:1.0.0] AndroidManifest.xml:50:13-92
96            android:directBootAware="false"
96-->[androidx.tracing:tracing-perfetto:1.0.0] AndroidManifest.xml:51:13-44
97            android:enabled="false"
97-->[androidx.tracing:tracing-perfetto:1.0.0] AndroidManifest.xml:52:13-36
98            android:exported="false" >
98-->[androidx.tracing:tracing-perfetto:1.0.0] AndroidManifest.xml:53:13-37
99        </receiver>
100    </application>
101
102</manifest>